src/android_hri/mobile_interaction/build/outputs/logs/manifest-merger-debug-report.txt
-- Merging decision tree log ---
manifest
ADDED from AndroidManifest.xml:2:1
	xmlns:tools
		ADDED from AndroidManifest.xml:3:5
	xmlns:android
		ADDED from AndroidManifest.xml:2:11
	package
		ADDED from AndroidManifest.xml:4:5
	android:versionName
		ADDED from AndroidManifest.xml:6:5
		INJECTED from AndroidManifest.xml:0:0
		INJECTED from AndroidManifest.xml:0:0
	android:versionCode
		ADDED from AndroidManifest.xml:5:5
		INJECTED from AndroidManifest.xml:0:0
		INJECTED from AndroidManifest.xml:0:0
uses-permission#android.permission.BLUETOOTH
ADDED from AndroidManifest.xml:8:5
	android:name
		ADDED from AndroidManifest.xml:8:22
uses-permission#android.permission.ACCESS_WIFI_STATE
ADDED from AndroidManifest.xml:9:5
MERGED from org.ros.android_core:android_10:0.2.0:13:5
	android:name
		ADDED from AndroidManifest.xml:9:22
uses-permission#android.permission.CHANGE_WIFI_STATE
ADDED from AndroidManifest.xml:10:5
MERGED from org.ros.android_core:android_10:0.2.0:14:5
	android:name
		ADDED from AndroidManifest.xml:10:22
uses-permission#android.permission.CHANGE_NETWORK_STATE
ADDED from AndroidManifest.xml:11:5
	android:name
		ADDED from AndroidManifest.xml:11:22
uses-permission#android.permission.INTERNET
ADDED from AndroidManifest.xml:12:5
	android:name
		ADDED from AndroidManifest.xml:12:22
uses-permission#android.permission.ACCESS_NETWORK_STATE
ADDED from AndroidManifest.xml:13:5
	android:name
		ADDED from AndroidManifest.xml:13:22
uses-permission#android.permission.WRITE_EXTERNAL_STORAGE
ADDED from AndroidManifest.xml:14:5
MERGED from org.ros.android_core:android_10:0.2.0:12:5
	android:name
		ADDED from AndroidManifest.xml:14:22
uses-permission#android.permission.VIBRATE
ADDED from AndroidManifest.xml:15:5
	android:name
		ADDED from AndroidManifest.xml:15:22
uses-permission#android.permission.CAMERA
ADDED from AndroidManifest.xml:16:5
	android:name
		ADDED from AndroidManifest.xml:16:22
uses-feature#android.hardware.camera
ADDED from AndroidManifest.xml:17:5
	android:name
		ADDED from AndroidManifest.xml:17:19
uses-feature#android.hardware.camera.autofocus
ADDED from AndroidManifest.xml:18:5
	android:name
		ADDED from AndroidManifest.xml:18:19
application
ADDED from AndroidManifest.xml:20:5
MERGED from com.android.support:appcompat-v7:22.0.0:22:5
MERGED from com.android.support:support-v4:22.0.0:22:5
MERGED from com.android.support:support-v4:22.0.0:22:5
MERGED from org.ros.android_core:android_10:0.2.0:18:5
	android:label
		ADDED from AndroidManifest.xml:21:9
		REJECTED from org.ros.android_core:android_10:0.2.0:20:9
	android:icon
		ADDED from AndroidManifest.xml:22:9
		REJECTED from org.ros.android_core:android_10:0.2.0:19:9
	android:theme
		ADDED from AndroidManifest.xml:24:9
	tools:replace
		ADDED from AndroidManifest.xml:23:9
activity#uniandes.disc.imagine.android_hri.mobile_interaction.MainActivity
ADDED from AndroidManifest.xml:25:9
	android:screenOrientation
		ADDED from AndroidManifest.xml:26:13
	android:label
		ADDED from AndroidManifest.xml:27:13
	android:name
		ADDED from AndroidManifest.xml:25:19
intent-filter#android.intent.action.MAIN+android.intent.category.LAUNCHER
ADDED from AndroidManifest.xml:28:13
action#android.intent.action.MAIN
ADDED from AndroidManifest.xml:29:17
	android:name
		ADDED from AndroidManifest.xml:29:25
category#android.intent.category.LAUNCHER
ADDED from AndroidManifest.xml:30:17
	android:name
		ADDED from AndroidManifest.xml:30:27
activity#uniandes.disc.imagine.android_hri.mobile_interaction.SetupActivity
ADDED from AndroidManifest.xml:34:9
	android:screenOrientation
		ADDED from AndroidManifest.xml:35:13
	android:label
		ADDED from AndroidManifest.xml:37:13
	android:name
		ADDED from AndroidManifest.xml:36:13
intent-filter#android.intent.action.MAIN
ADDED from AndroidManifest.xml:38:13
activity#uniandes.disc.imagine.android_hri.mobile_interaction.CameraActivity
ADDED from AndroidManifest.xml:43:9
	android:screenOrientation
		ADDED from AndroidManifest.xml:44:13
	android:label
		ADDED from AndroidManifest.xml:46:13
	android:name
		ADDED from AndroidManifest.xml:45:13
activity#uniandes.disc.imagine.android_hri.mobile_interaction.interfaces.ScreenJoystickInterface
ADDED from AndroidManifest.xml:52:9
	android:screenOrientation
		ADDED from AndroidManifest.xml:53:13
	android:label
		ADDED from AndroidManifest.xml:55:13
	android:name
		ADDED from AndroidManifest.xml:54:13
activity#uniandes.disc.imagine.android_hri.mobile_interaction.interfaces.DirectManipulationInterface
ADDED from AndroidManifest.xml:61:9
	android:screenOrientation
		ADDED from AndroidManifest.xml:62:13
	android:label
		ADDED from AndroidManifest.xml:64:13
	android:name
		ADDED from AndroidManifest.xml:63:13
activity#uniandes.disc.imagine.android_hri.mobile_interaction.interfaces.GamepadInterface
ADDED from AndroidManifest.xml:70:9
	android:screenOrientation
		ADDED from AndroidManifest.xml:71:13
	android:label
		ADDED from AndroidManifest.xml:73:13
	android:name
		ADDED from AndroidManifest.xml:72:13
activity#uniandes.disc.imagine.android_hri.mobile_interaction.interfaces.LeapMotionInterface
ADDED from AndroidManifest.xml:79:9
	android:screenOrientation
		ADDED from AndroidManifest.xml:80:13
	android:label
		ADDED from AndroidManifest.xml:82:13
	android:name
		ADDED from AndroidManifest.xml:81:13
uses-sdk
INJECTED from AndroidManifest.xml:0:0 reason: use-sdk injection requested
MERGED from com.android.support:appcompat-v7:22.0.0:20:5
MERGED from com.android.support:support-v4:22.0.0:20:5
MERGED from org.ros.android_core:android_15:0.2.0:8:5
MERGED from com.android.support:support-v4:22.0.0:20:5
MERGED from org.ros.android_core:android_10:0.2.0:8:5
	android:targetSdkVersion
		INJECTED from AndroidManifest.xml:0:0
		INJECTED from AndroidManifest.xml:0:0
	android:minSdkVersion
		INJECTED from AndroidManifest.xml:0:0
		INJECTED from AndroidManifest.xml:0:0
uses-permission#android.permission.WAKE_LOCK
ADDED from org.ros.android_core:android_10:0.2.0:15:5
	android:name
		ADDED from org.ros.android_core:android_10:0.2.0:15:22
uses-permission#android.permission.SYSTEM_ALERT_WINDOW
ADDED from org.ros.android_core:android_10:0.2.0:16:5
	android:name
		ADDED from org.ros.android_core:android_10:0.2.0:16:22
activity#org.ros.android.MasterChooser
ADDED from org.ros.android_core:android_10:0.2.0:21:9
	android:label
		ADDED from org.ros.android_core:android_10:0.2.0:23:13
	android:name
		ADDED from org.ros.android_core:android_10:0.2.0:22:13
	android:launchMode
		ADDED from org.ros.android_core:android_10:0.2.0:24:13
service#org.ros.android.NodeMainExecutorService
ADDED from org.ros.android_core:android_10:0.2.0:26:9
	android:name
		ADDED from org.ros.android_core:android_10:0.2.0:27:13
	tools:ignore
		ADDED from org.ros.android_core:android_10:0.2.0:28:13
intent-filter#org.ros.android.NodeMainExecutorService
ADDED from org.ros.android_core:android_10:0.2.0:29:13
action#org.ros.android.NodeMainExecutorService
ADDED from org.ros.android_core:android_10:0.2.0:30:17
	android:name
		ADDED from org.ros.android_core:android_10:0.2.0:30:25
android:uses-permission#android.permission.READ_EXTERNAL_STORAGE
IMPLIED from AndroidManifest.xml:2:1 reason: org.ros.android.android_10 requested WRITE_EXTERNAL_STORAGE